<?xml version="1.0" encoding="UTF-8"?>
<testng-results ignored="0" total="1" passed="1" failed="0" skipped="0">
  <reporter-output>
  </reporter-output>
  <suite started-at="2024-11-20T15:30:14 IST" name="Default suite" finished-at="2024-11-20T15:30:19 IST" duration-ms="5537">
    <groups>
    </groups>
    <test started-at="2024-11-20T15:30:14 IST" name="Default test" finished-at="2024-11-20T15:30:19 IST" duration-ms="5537">
      <class name="testCases.TC002_LoginTest">
        <test-method is-config="true" signature="setUp()[pri:0, instance:testCases.TC002_LoginTest@2b91004a]" started-at="2024-11-20T15:30:14 IST" name="setUp" finished-at="2024-11-20T15:30:17 IST" duration-ms="3559" status="PASS">
          <reporter-output>
          </reporter-output>
        </test-method> <!-- setUp -->
        <test-method signature="verify_Login()[pri:0, instance:testCases.TC002_LoginTest@2b91004a]" started-at="2024-11-20T15:30:17 IST" name="verify_Login" finished-at="2024-11-20T15:30:19 IST" duration-ms="1651" status="PASS">
          <reporter-output>
          </reporter-output>
        </test-method> <!-- verify_Login -->
        <test-method is-config="true" signature="tearDown()[pri:0, instance:testCases.TC002_LoginTest@2b91004a]" started-at="2024-11-20T15:30:19 IST" name="tearDown" finished-at="2024-11-20T15:30:19 IST" duration-ms="281" status="PASS">
          <reporter-output>
          </reporter-output>
        </test-method> <!-- tearDown -->
      </class> <!-- testCases.TC002_LoginTest -->
    </test> <!-- Default test -->
  </suite> <!-- Default suite -->
</testng-results>
